0 info it worked if it ends with ok
1 verbose cli [ 'C:\\Program Files\\nodejs\\node.exe',
1 verbose cli   'C:\\Program Files\\nodejs\\node_modules\\npm\\bin\\npm-cli.js',
1 verbose cli   'install',
1 verbose cli   'sesame',
1 verbose cli   '--save' ]
2 info using npm@3.10.10
3 info using node@v6.11.2
4 silly loadCurrentTree Starting
5 silly install loadCurrentTree
6 silly install readLocalPackageData
7 silly fetchPackageMetaData sesame
8 silly fetchNamedPackageData sesame
9 silly mapToRegistry name sesame
10 silly mapToRegistry using default registry
11 silly mapToRegistry registry https://registry.npmjs.org/
12 silly mapToRegistry data Result {
12 silly mapToRegistry   raw: 'sesame',
12 silly mapToRegistry   scope: null,
12 silly mapToRegistry   escapedName: 'sesame',
12 silly mapToRegistry   name: 'sesame',
12 silly mapToRegistry   rawSpec: '',
12 silly mapToRegistry   spec: 'latest',
12 silly mapToRegistry   type: 'tag' }
13 silly mapToRegistry uri https://registry.npmjs.org/sesame
14 verbose request uri https://registry.npmjs.org/sesame
15 verbose request no auth needed
16 info attempt registry request try #1 at 1:30:43 AM
17 verbose request id bf89e1feeeebc585
18 verbose etag "590a0f81-1f5f"
19 verbose lastModified Wed, 3 May 2017 17:12:33 GMT
20 http request GET https://registry.npmjs.org/sesame
21 http 304 https://registry.npmjs.org/sesame
22 verbose headers { date: 'Fri, 23 Mar 2018 20:00:40 GMT',
22 verbose headers   via: '1.1 varnish',
22 verbose headers   'cache-control': 'max-age=300',
22 verbose headers   etag: '"590a0f81-1f5f"',
22 verbose headers   age: '95',
22 verbose headers   connection: 'keep-alive',
22 verbose headers   'x-served-by': 'cache-bom18223-BOM',
22 verbose headers   'x-cache': 'HIT',
22 verbose headers   'x-cache-hits': '1',
22 verbose headers   'x-timer': 'S1521835241.547913,VS0,VE0',
22 verbose headers   vary: 'Accept-Encoding, Accept' }
23 silly get cb [ 304,
23 silly get   { date: 'Fri, 23 Mar 2018 20:00:40 GMT',
23 silly get     via: '1.1 varnish',
23 silly get     'cache-control': 'max-age=300',
23 silly get     etag: '"590a0f81-1f5f"',
23 silly get     age: '95',
23 silly get     connection: 'keep-alive',
23 silly get     'x-served-by': 'cache-bom18223-BOM',
23 silly get     'x-cache': 'HIT',
23 silly get     'x-cache-hits': '1',
23 silly get     'x-timer': 'S1521835241.547913,VS0,VE0',
23 silly get     vary: 'Accept-Encoding, Accept' } ]
24 verbose etag https://registry.npmjs.org/sesame from cache
25 verbose get saving sesame to C:\Users\Abhishek\AppData\Roaming\npm-cache\registry.npmjs.org\sesame\.cache.json
26 verbose correctMkdir C:\Users\Abhishek\AppData\Roaming\npm-cache correctMkdir not in flight; initializing
27 silly install normalizeTree
28 silly loadCurrentTree Finishing
29 silly loadIdealTree Starting
30 silly install loadIdealTree
31 silly cloneCurrentTree Starting
32 silly install cloneCurrentTreeToIdealTree
33 silly cloneCurrentTree Finishing
34 silly loadShrinkwrap Starting
35 silly install loadShrinkwrap
36 silly loadShrinkwrap Finishing
37 silly loadAllDepsIntoIdealTree Starting
38 silly install loadAllDepsIntoIdealTree
39 silly resolveWithNewModule sesame@0.1.2 checking installable status
40 silly cache add args [ 'sesame', null ]
41 verbose cache add spec sesame
42 silly cache add parsed spec Result {
42 silly cache add   raw: 'sesame',
42 silly cache add   scope: null,
42 silly cache add   escapedName: 'sesame',
42 silly cache add   name: 'sesame',
42 silly cache add   rawSpec: '',
42 silly cache add   spec: 'latest',
42 silly cache add   type: 'tag' }
43 silly addNamed sesame@latest
44 verbose addNamed "latest" is being treated as a dist-tag for sesame
45 info addNameTag [ 'sesame', 'latest' ]
46 silly mapToRegistry name sesame
47 silly mapToRegistry using default registry
48 silly mapToRegistry registry https://registry.npmjs.org/
49 silly mapToRegistry data Result {
49 silly mapToRegistry   raw: 'sesame',
49 silly mapToRegistry   scope: null,
49 silly mapToRegistry   escapedName: 'sesame',
49 silly mapToRegistry   name: 'sesame',
49 silly mapToRegistry   rawSpec: '',
49 silly mapToRegistry   spec: 'latest',
49 silly mapToRegistry   type: 'tag' }
50 silly mapToRegistry uri https://registry.npmjs.org/sesame
51 verbose addNameTag registry:https://registry.npmjs.org/sesame not in flight; fetching
52 verbose get https://registry.npmjs.org/sesame not expired, no request
53 silly addNameTag next cb for sesame with tag latest
54 silly addNamed sesame@0.1.2
55 verbose addNamed "0.1.2" is a plain semver version for sesame
56 silly cache afterAdd sesame@0.1.2
57 verbose afterAdd C:\Users\Abhishek\AppData\Roaming\npm-cache\sesame\0.1.2\package\package.json not in flight; writing
58 verbose correctMkdir C:\Users\Abhishek\AppData\Roaming\npm-cache correctMkdir not in flight; initializing
59 verbose afterAdd C:\Users\Abhishek\AppData\Roaming\npm-cache\sesame\0.1.2\package\package.json written
60 silly fetchNamedPackageData node-proxy
61 silly mapToRegistry name node-proxy
62 silly mapToRegistry using default registry
63 silly mapToRegistry registry https://registry.npmjs.org/
64 silly mapToRegistry data Result {
64 silly mapToRegistry   raw: 'node-proxy',
64 silly mapToRegistry   scope: null,
64 silly mapToRegistry   escapedName: 'node-proxy',
64 silly mapToRegistry   name: 'node-proxy',
64 silly mapToRegistry   rawSpec: '',
64 silly mapToRegistry   spec: 'latest',
64 silly mapToRegistry   type: 'tag' }
65 silly mapToRegistry uri https://registry.npmjs.org/node-proxy
66 verbose request uri https://registry.npmjs.org/node-proxy
67 verbose request no auth needed
68 info attempt registry request try #1 at 1:30:44 AM
69 verbose etag "56195b1b-4946"
70 verbose lastModified Sat, 10 Oct 2015 18:38:19 GMT
71 http request GET https://registry.npmjs.org/node-proxy
72 http 304 https://registry.npmjs.org/node-proxy
73 verbose headers { date: 'Fri, 23 Mar 2018 20:00:41 GMT',
73 verbose headers   via: '1.1 varnish',
73 verbose headers   'cache-control': 'max-age=300',
73 verbose headers   etag: '"56195b1b-4946"',
73 verbose headers   age: '92',
73 verbose headers   connection: 'keep-alive',
73 verbose headers   'x-served-by': 'cache-bom18223-BOM',
73 verbose headers   'x-cache': 'HIT',
73 verbose headers   'x-cache-hits': '1',
73 verbose headers   'x-timer': 'S1521835241.187839,VS0,VE0',
73 verbose headers   vary: 'Accept-Encoding, Accept' }
74 silly get cb [ 304,
74 silly get   { date: 'Fri, 23 Mar 2018 20:00:41 GMT',
74 silly get     via: '1.1 varnish',
74 silly get     'cache-control': 'max-age=300',
74 silly get     etag: '"56195b1b-4946"',
74 silly get     age: '92',
74 silly get     connection: 'keep-alive',
74 silly get     'x-served-by': 'cache-bom18223-BOM',
74 silly get     'x-cache': 'HIT',
74 silly get     'x-cache-hits': '1',
74 silly get     'x-timer': 'S1521835241.187839,VS0,VE0',
74 silly get     vary: 'Accept-Encoding, Accept' } ]
75 verbose etag https://registry.npmjs.org/node-proxy from cache
76 verbose get saving node-proxy to C:\Users\Abhishek\AppData\Roaming\npm-cache\registry.npmjs.org\node-proxy\.cache.json
77 verbose correctMkdir C:\Users\Abhishek\AppData\Roaming\npm-cache correctMkdir not in flight; initializing
78 silly resolveWithNewModule node-proxy@1.0.0 checking installable status
79 silly cache add args [ 'node-proxy@>=0.3.2', null ]
80 verbose cache add spec node-proxy@>=0.3.2
81 silly cache add parsed spec Result {
81 silly cache add   raw: 'node-proxy@>=0.3.2',
81 silly cache add   scope: null,
81 silly cache add   escapedName: 'node-proxy',
81 silly cache add   name: 'node-proxy',
81 silly cache add   rawSpec: '>=0.3.2',
81 silly cache add   spec: '>=0.3.2',
81 silly cache add   type: 'range' }
82 silly addNamed node-proxy@>=0.3.2
83 verbose addNamed ">=0.3.2" is a valid semver range for node-proxy
84 silly addNameRange { name: 'node-proxy', range: '>=0.3.2', hasData: false }
85 silly mapToRegistry name node-proxy
86 silly mapToRegistry using default registry
87 silly mapToRegistry registry https://registry.npmjs.org/
88 silly mapToRegistry data Result {
88 silly mapToRegistry   raw: 'node-proxy',
88 silly mapToRegistry   scope: null,
88 silly mapToRegistry   escapedName: 'node-proxy',
88 silly mapToRegistry   name: 'node-proxy',
88 silly mapToRegistry   rawSpec: '',
88 silly mapToRegistry   spec: 'latest',
88 silly mapToRegistry   type: 'tag' }
89 silly mapToRegistry uri https://registry.npmjs.org/node-proxy
90 verbose addNameRange registry:https://registry.npmjs.org/node-proxy not in flight; fetching
91 verbose get https://registry.npmjs.org/node-proxy not expired, no request
92 silly addNameRange number 2 { name: 'node-proxy', range: '>=0.3.2', hasData: true }
93 silly addNameRange versions [ 'node-proxy',
93 silly addNameRange   [ '0.3.1',
93 silly addNameRange     '0.3.2',
93 silly addNameRange     '0.4.0',
93 silly addNameRange     '0.5.0',
93 silly addNameRange     '0.5.1',
93 silly addNameRange     '0.5.2',
93 silly addNameRange     '0.6.0',
93 silly addNameRange     '0.7.0',
93 silly addNameRange     '0.8.0',
93 silly addNameRange     '0.9.0',
93 silly addNameRange     '1.0.0' ] ]
94 silly addNamed node-proxy@1.0.0
95 verbose addNamed "1.0.0" is a plain semver version for node-proxy
96 silly cache afterAdd node-proxy@1.0.0
97 verbose afterAdd C:\Users\Abhishek\AppData\Roaming\npm-cache\node-proxy\1.0.0\package\package.json not in flight; writing
98 verbose correctMkdir C:\Users\Abhishek\AppData\Roaming\npm-cache correctMkdir not in flight; initializing
99 verbose afterAdd C:\Users\Abhishek\AppData\Roaming\npm-cache\node-proxy\1.0.0\package\package.json written
100 silly fetchNamedPackageData bindings
101 silly mapToRegistry name bindings
102 silly mapToRegistry using default registry
103 silly mapToRegistry registry https://registry.npmjs.org/
104 silly mapToRegistry data Result {
104 silly mapToRegistry   raw: 'bindings',
104 silly mapToRegistry   scope: null,
104 silly mapToRegistry   escapedName: 'bindings',
104 silly mapToRegistry   name: 'bindings',
104 silly mapToRegistry   rawSpec: '',
104 silly mapToRegistry   spec: 'latest',
104 silly mapToRegistry   type: 'tag' }
105 silly mapToRegistry uri https://registry.npmjs.org/bindings
106 verbose request uri https://registry.npmjs.org/bindings
107 verbose request no auth needed
108 info attempt registry request try #1 at 1:30:44 AM
109 verbose etag "5a700cb7-4c53"
110 verbose lastModified Tue, 30 Jan 2018 6:12:07 GMT
111 http request GET https://registry.npmjs.org/bindings
112 http 304 https://registry.npmjs.org/bindings
113 verbose headers { date: 'Fri, 23 Mar 2018 20:00:41 GMT',
113 verbose headers   via: '1.1 varnish',
113 verbose headers   'cache-control': 'max-age=300',
113 verbose headers   etag: '"5a700cb7-4c53"',
113 verbose headers   age: '90',
113 verbose headers   connection: 'keep-alive',
113 verbose headers   'x-served-by': 'cache-bom18223-BOM',
113 verbose headers   'x-cache': 'HIT',
113 verbose headers   'x-cache-hits': '1',
113 verbose headers   'x-timer': 'S1521835241.367893,VS0,VE0',
113 verbose headers   vary: 'Accept-Encoding, Accept' }
114 silly get cb [ 304,
114 silly get   { date: 'Fri, 23 Mar 2018 20:00:41 GMT',
114 silly get     via: '1.1 varnish',
114 silly get     'cache-control': 'max-age=300',
114 silly get     etag: '"5a700cb7-4c53"',
114 silly get     age: '90',
114 silly get     connection: 'keep-alive',
114 silly get     'x-served-by': 'cache-bom18223-BOM',
114 silly get     'x-cache': 'HIT',
114 silly get     'x-cache-hits': '1',
114 silly get     'x-timer': 'S1521835241.367893,VS0,VE0',
114 silly get     vary: 'Accept-Encoding, Accept' } ]
115 verbose etag https://registry.npmjs.org/bindings from cache
116 verbose get saving bindings to C:\Users\Abhishek\AppData\Roaming\npm-cache\registry.npmjs.org\bindings\.cache.json
117 verbose correctMkdir C:\Users\Abhishek\AppData\Roaming\npm-cache correctMkdir not in flight; initializing
118 silly resolveWithNewModule bindings@1.3.0 checking installable status
119 silly cache add args [ 'bindings@1', null ]
120 verbose cache add spec bindings@1
121 silly cache add parsed spec Result {
121 silly cache add   raw: 'bindings@1',
121 silly cache add   scope: null,
121 silly cache add   escapedName: 'bindings',
121 silly cache add   name: 'bindings',
121 silly cache add   rawSpec: '1',
121 silly cache add   spec: '>=1.0.0 <2.0.0',
121 silly cache add   type: 'range' }
122 silly addNamed bindings@>=1.0.0 <2.0.0
123 verbose addNamed ">=1.0.0 <2.0.0" is a valid semver range for bindings
124 silly addNameRange { name: 'bindings', range: '>=1.0.0 <2.0.0', hasData: false }
125 silly mapToRegistry name bindings
126 silly mapToRegistry using default registry
127 silly mapToRegistry registry https://registry.npmjs.org/
128 silly mapToRegistry data Result {
128 silly mapToRegistry   raw: 'bindings',
128 silly mapToRegistry   scope: null,
128 silly mapToRegistry   escapedName: 'bindings',
128 silly mapToRegistry   name: 'bindings',
128 silly mapToRegistry   rawSpec: '',
128 silly mapToRegistry   spec: 'latest',
128 silly mapToRegistry   type: 'tag' }
129 silly mapToRegistry uri https://registry.npmjs.org/bindings
130 verbose addNameRange registry:https://registry.npmjs.org/bindings not in flight; fetching
131 verbose get https://registry.npmjs.org/bindings not expired, no request
132 silly addNameRange number 2 { name: 'bindings', range: '>=1.0.0 <2.0.0', hasData: true }
133 silly addNameRange versions [ 'bindings',
133 silly addNameRange   [ '0.0.1',
133 silly addNameRange     '0.1.0',
133 silly addNameRange     '0.1.1',
133 silly addNameRange     '0.2.0',
133 silly addNameRange     '0.2.1',
133 silly addNameRange     '0.2.2',
133 silly addNameRange     '0.2.3',
133 silly addNameRange     '0.2.4',
133 silly addNameRange     '0.3.0',
133 silly addNameRange     '0.4.0',
133 silly addNameRange     '1.0.0',
133 silly addNameRange     '1.1.0',
133 silly addNameRange     '1.1.1',
133 silly addNameRange     '1.2.0',
133 silly addNameRange     '1.2.1',
133 silly addNameRange     '1.3.0' ] ]
134 silly addNamed bindings@1.3.0
135 verbose addNamed "1.3.0" is a plain semver version for bindings
136 silly cache afterAdd bindings@1.3.0
137 verbose afterAdd C:\Users\Abhishek\AppData\Roaming\npm-cache\bindings\1.3.0\package\package.json not in flight; writing
138 verbose correctMkdir C:\Users\Abhishek\AppData\Roaming\npm-cache correctMkdir not in flight; initializing
139 verbose afterAdd C:\Users\Abhishek\AppData\Roaming\npm-cache\bindings\1.3.0\package\package.json written
140 silly fetchNamedPackageData fsevents
141 silly mapToRegistry name fsevents
142 silly mapToRegistry using default registry
143 silly mapToRegistry registry https://registry.npmjs.org/
144 silly mapToRegistry data Result {
144 silly mapToRegistry   raw: 'fsevents',
144 silly mapToRegistry   scope: null,
144 silly mapToRegistry   escapedName: 'fsevents',
144 silly mapToRegistry   name: 'fsevents',
144 silly mapToRegistry   rawSpec: '',
144 silly mapToRegistry   spec: 'latest',
144 silly mapToRegistry   type: 'tag' }
145 silly mapToRegistry uri https://registry.npmjs.org/fsevents
146 verbose request uri https://registry.npmjs.org/fsevents
147 verbose request no auth needed
148 info attempt registry request try #1 at 1:30:45 AM
149 verbose etag "5a7fa6de-e526"
150 verbose lastModified Sun, 11 Feb 2018 2:13:50 GMT
151 http request GET https://registry.npmjs.org/fsevents
152 http 304 https://registry.npmjs.org/fsevents
153 verbose headers { date: 'Fri, 23 Mar 2018 20:00:41 GMT',
153 verbose headers   via: '1.1 varnish',
153 verbose headers   'cache-control': 'max-age=300',
153 verbose headers   etag: '"5a7fa6de-e526"',
153 verbose headers   age: '2385',
153 verbose headers   connection: 'keep-alive',
153 verbose headers   'x-served-by': 'cache-bom18223-BOM',
153 verbose headers   'x-cache': 'HIT',
153 verbose headers   'x-cache-hits': '5',
153 verbose headers   'x-timer': 'S1521835242.977893,VS0,VE0',
153 verbose headers   vary: 'Accept-Encoding, Accept' }
154 silly get cb [ 304,
154 silly get   { date: 'Fri, 23 Mar 2018 20:00:41 GMT',
154 silly get     via: '1.1 varnish',
154 silly get     'cache-control': 'max-age=300',
154 silly get     etag: '"5a7fa6de-e526"',
154 silly get     age: '2385',
154 silly get     connection: 'keep-alive',
154 silly get     'x-served-by': 'cache-bom18223-BOM',
154 silly get     'x-cache': 'HIT',
154 silly get     'x-cache-hits': '5',
154 silly get     'x-timer': 'S1521835242.977893,VS0,VE0',
154 silly get     vary: 'Accept-Encoding, Accept' } ]
155 verbose etag https://registry.npmjs.org/fsevents from cache
156 verbose get saving fsevents to C:\Users\Abhishek\AppData\Roaming\npm-cache\registry.npmjs.org\fsevents\.cache.json
157 verbose correctMkdir C:\Users\Abhishek\AppData\Roaming\npm-cache correctMkdir not in flight; initializing
158 silly resolveWithNewModule fsevents@1.1.3 checking installable status
159 silly loadAllDepsIntoIdealTree Finishing
160 silly loadIdealTree Finishing
161 silly currentTree workspace@1.0.0
161 silly currentTree +-- abbrev@1.1.1
161 silly currentTree +-- accepts@1.3.5
161 silly currentTree +-- ajv@5.5.2
161 silly currentTree +-- align-text@0.1.4
161 silly currentTree +-- amdefine@1.0.1
161 silly currentTree +-- ansi-align@2.0.0
161 silly currentTree | +-- ansi-regex@3.0.0
161 silly currentTree | +-- is-fullwidth-code-point@2.0.0
161 silly currentTree | +-- string-width@2.1.1
161 silly currentTree | `-- strip-ansi@4.0.0
161 silly currentTree +-- ansi-regex@2.1.1
161 silly currentTree +-- ansi-styles@3.2.1
161 silly currentTree +-- anymatch@2.0.0
161 silly currentTree +-- aproba@1.2.0
161 silly currentTree +-- are-we-there-yet@1.1.4
161 silly currentTree +-- arr-diff@4.0.0
161 silly currentTree +-- arr-flatten@1.1.0
161 silly currentTree +-- arr-union@3.1.0
161 silly currentTree +-- array-flatten@1.1.1
161 silly currentTree +-- array-unique@0.3.2
161 silly currentTree +-- asap@2.0.6
161 silly currentTree +-- asn1@0.2.3
161 silly currentTree +-- assert-plus@1.0.0
161 silly currentTree +-- assign-symbols@1.0.0
161 silly currentTree +-- async-each@1.0.1
161 silly currentTree +-- async@1.5.2
161 silly currentTree +-- asynckit@0.4.0
161 silly currentTree +-- atob@2.0.3
161 silly currentTree +-- aws-sign2@0.7.0
161 silly currentTree +-- aws4@1.6.0
161 silly currentTree +-- balanced-match@1.0.0
161 silly currentTree +-- base@0.11.2
161 silly currentTree | `-- define-property@1.0.0
161 silly currentTree +-- basic-auth@2.0.0
161 silly currentTree +-- bcrypt-pbkdf@1.0.1
161 silly currentTree +-- bcrypt@1.0.3
161 silly currentTree +-- bcryptjs@2.4.3
161 silly currentTree +-- binary-extensions@1.11.0
161 silly currentTree +-- block-stream@0.0.9
161 silly currentTree +-- bluebird@3.5.0
161 silly currentTree +-- body-parser@1.18.2
161 silly currentTree +-- boom@4.3.1
161 silly currentTree +-- boxen@1.3.0
161 silly currentTree | +-- ansi-regex@3.0.0
161 silly currentTree | +-- camelcase@4.1.0
161 silly currentTree | +-- is-fullwidth-code-point@2.0.0
161 silly currentTree | +-- string-width@2.1.1
161 silly currentTree | `-- strip-ansi@4.0.0
161 silly currentTree +-- brace-expansion@1.1.11
161 silly currentTree +-- braces@2.3.1
161 silly currentTree | +-- define-property@1.0.0
161 silly currentTree | +-- extend-shallow@2.0.1
161 silly currentTree | `-- kind-of@6.0.2
161 silly currentTree +-- bson@1.0.6
161 silly currentTree +-- buffer-shims@1.0.0
161 silly currentTree +-- bytes@3.0.0
161 silly currentTree +-- cache-base@1.0.1
161 silly currentTree +-- camelcase@1.2.1
161 silly currentTree +-- capture-stack-trace@1.0.0
161 silly currentTree +-- caseless@0.12.0
161 silly currentTree +-- center-align@0.1.3
161 silly currentTree +-- chainsaw@0.0.9
161 silly currentTree | `-- traverse@0.3.9
161 silly currentTree +-- chalk@2.3.2
161 silly currentTree +-- chokidar@2.0.2
161 silly currentTree +-- class-utils@0.3.6
161 silly currentTree | +-- define-property@0.2.5
161 silly currentTree | +-- is-accessor-descriptor@0.1.6
161 silly currentTree | | `-- kind-of@3.2.2
161 silly currentTree | +-- is-data-descriptor@0.1.4
161 silly currentTree | | `-- kind-of@3.2.2
161 silly currentTree | +-- is-descriptor@0.1.6
161 silly currentTree | `-- kind-of@5.1.0
161 silly currentTree +-- cli-boxes@1.0.0
161 silly currentTree +-- cliui@2.1.0
161 silly currentTree | `-- wordwrap@0.0.2
161 silly currentTree +-- co@4.6.0
161 silly currentTree +-- code-point-at@1.1.0
161 silly currentTree +-- collection-visit@1.0.0
161 silly currentTree +-- color-convert@1.9.1
161 silly currentTree +-- color-name@1.1.3
161 silly currentTree +-- combined-stream@1.0.6
161 silly currentTree +-- component-emitter@1.2.1
161 silly currentTree +-- concat-map@0.0.1
161 silly currentTree +-- configstore@3.1.1
161 silly currentTree +-- connect-flash@0.1.1
161 silly currentTree +-- connect-mongo@2.0.1
161 silly currentTree | +-- mongodb-core@2.1.19
161 silly currentTree | +-- mongodb@2.2.35
161 silly currentTree | +-- process-nextick-args@1.0.7
161 silly currentTree | `-- readable-stream@2.2.7
161 silly currentTree +-- connect@3.6.6
161 silly currentTree | +-- finalhandler@1.1.0
161 silly currentTree | `-- statuses@1.3.1
161 silly currentTree +-- console-control-strings@1.1.0
161 silly currentTree +-- content-disposition@0.5.2
161 silly currentTree +-- content-type@1.0.4
161 silly currentTree +-- cookie-parser@1.4.3
161 silly currentTree +-- cookie-signature@1.0.6
161 silly currentTree +-- cookie@0.3.1
161 silly currentTree +-- copy-descriptor@0.1.1
161 silly currentTree +-- core-util-is@1.0.2
161 silly currentTree +-- crc@3.4.4
161 silly currentTree +-- create-error-class@3.0.2
161 silly currentTree +-- cross-spawn@5.1.0
161 silly currentTree +-- cryptiles@3.1.2
161 silly currentTree | `-- boom@5.2.0
161 silly currentTree +-- crypto-random-string@1.0.0
161 silly currentTree +-- dashdash@1.14.1
161 silly currentTree +-- debug@2.6.9
161 silly currentTree +-- decamelize@1.2.0
161 silly currentTree +-- decode-uri-component@0.2.0
161 silly currentTree +-- deep-extend@0.4.2
161 silly currentTree +-- define-properties@1.1.2
161 silly currentTree +-- define-property@2.0.2
161 silly currentTree +-- delayed-stream@1.0.0
161 silly currentTree +-- delegates@1.0.0
161 silly currentTree +-- depd@1.1.2
161 silly currentTree +-- destroy@1.0.4
161 silly currentTree +-- dot-prop@4.2.0
161 silly currentTree +-- duplexer@0.1.1
161 silly currentTree +-- duplexer3@0.1.4
161 silly currentTree +-- ecc-jsbn@0.1.1
161 silly currentTree +-- ee-first@1.1.1
161 silly currentTree +-- ejs@2.5.7
161 silly currentTree +-- encodeurl@1.0.2
161 silly currentTree +-- ent@0.0.7
161 silly currentTree +-- es6-promise@3.2.1
161 silly currentTree +-- escape-html@1.0.3
161 silly currentTree +-- escape-string-regexp@1.0.5
161 silly currentTree +-- etag@1.8.1
161 silly currentTree +-- event-stream@3.3.4
161 silly currentTree +-- execa@0.7.0
161 silly currentTree +-- expand-brackets@2.1.4
161 silly currentTree | +-- define-property@0.2.5
161 silly currentTree | +-- extend-shallow@2.0.1
161 silly currentTree | +-- is-accessor-descriptor@0.1.6
161 silly currentTree | | `-- kind-of@3.2.2
161 silly currentTree | +-- is-data-descriptor@0.1.4
161 silly currentTree | | `-- kind-of@3.2.2
161 silly currentTree | +-- is-descriptor@0.1.6
161 silly currentTree | `-- kind-of@5.1.0
161 silly currentTree +-- express-handlebars@3.0.0
161 silly currentTree | `-- glob@6.0.4
161 silly currentTree +-- express-session@1.15.6
161 silly currentTree +-- express-validator@5.0.3
161 silly currentTree +-- express@4.16.3
161 silly currentTree | `-- setprototypeof@1.1.0
161 silly currentTree +-- extend-shallow@3.0.2
161 silly currentTree | `-- is-extendable@1.0.1
161 silly currentTree +-- extend@3.0.1
161 silly currentTree +-- extglob@2.0.4
161 silly currentTree | +-- define-property@1.0.0
161 silly currentTree | `-- extend-shallow@2.0.1
161 silly currentTree +-- extsprintf@1.3.0
161 silly currentTree +-- fast-deep-equal@1.1.0
161 silly currentTree +-- fast-json-stable-stringify@2.0.0
161 silly currentTree +-- fill-range@4.0.0
161 silly currentTree | `-- extend-shallow@2.0.1
161 silly currentTree +-- finalhandler@1.1.1
161 silly currentTree +-- for-in@1.0.2
161 silly currentTree +-- foreach@2.0.5
161 silly currentTree +-- forever-agent@0.6.1
161 silly currentTree +-- form-data@2.3.2
161 silly currentTree +-- forwarded@0.1.2
161 silly currentTree +-- fragment-cache@0.2.1
161 silly currentTree +-- fresh@0.5.2
161 silly currentTree +-- from@0.1.7
161 silly currentTree +-- fs.realpath@1.0.0
161 silly currentTree +-- fstream-ignore@1.0.5
161 silly currentTree +-- fstream@1.0.11
161 silly currentTree +-- function-bind@1.1.1
161 silly currentTree +-- gauge@2.7.4
161 silly currentTree +-- get-stream@3.0.0
161 silly currentTree +-- get-value@2.0.6
161 silly currentTree +-- getpass@0.1.7
161 silly currentTree +-- glob-parent@3.1.0
161 silly currentTree | `-- is-glob@3.1.0
161 silly currentTree +-- glob@7.1.2
161 silly currentTree +-- global-dirs@0.1.1
161 silly currentTree +-- got@6.7.1
161 silly currentTree +-- graceful-fs@4.1.11
161 silly currentTree +-- handlebars@4.0.11
161 silly currentTree +-- har-schema@2.0.0
161 silly currentTree +-- har-validator@5.0.3
161 silly currentTree +-- has-flag@3.0.0
161 silly currentTree +-- has-symbols@1.0.0
161 silly currentTree +-- has-unicode@2.0.1
161 silly currentTree +-- has-value@1.0.0
161 silly currentTree +-- has-values@1.0.0
161 silly currentTree | `-- kind-of@4.0.0
161 silly currentTree +-- hashish@0.0.4
161 silly currentTree +-- hawk@6.0.2
161 silly currentTree +-- hoek@4.2.1
161 silly currentTree +-- hooks-fixed@2.0.2
161 silly currentTree +-- http-errors@1.6.2
161 silly currentTree | `-- depd@1.1.1
161 silly currentTree +-- http-signature@1.2.0
161 silly currentTree +-- iconv-lite@0.4.19
161 silly currentTree +-- ignore-by-default@1.0.1
161 silly currentTree +-- import-lazy@2.1.0
161 silly currentTree +-- imurmurhash@0.1.4
161 silly currentTree +-- inflight@1.0.6
161 silly currentTree +-- inherits@2.0.3
161 silly currentTree +-- ini@1.3.5
161 silly currentTree +-- ipaddr.js@1.6.0
161 silly currentTree +-- is-accessor-descriptor@1.0.0
161 silly currentTree | `-- kind-of@6.0.2
161 silly currentTree +-- is-binary-path@1.0.1
161 silly currentTree +-- is-buffer@1.1.6
161 silly currentTree +-- is-data-descriptor@1.0.0
161 silly currentTree | `-- kind-of@6.0.2
161 silly currentTree +-- is-descriptor@1.0.2
161 silly currentTree | `-- kind-of@6.0.2
161 silly currentTree +-- is-extendable@0.1.1
161 silly currentTree +-- is-extglob@2.1.1
161 silly currentTree +-- is-fullwidth-code-point@1.0.0
161 silly currentTree +-- is-glob@4.0.0
161 silly currentTree +-- is-installed-globally@0.1.0
161 silly currentTree +-- is-npm@1.0.0
161 silly currentTree +-- is-number@3.0.0
161 silly currentTree +-- is-obj@1.0.1
161 silly currentTree +-- is-odd@2.0.0
161 silly currentTree | `-- is-number@4.0.0
161 silly currentTree +-- is-path-inside@1.0.1
161 silly currentTree +-- is-plain-object@2.0.4
161 silly currentTree +-- is-redirect@1.0.0
161 silly currentTree +-- is-retry-allowed@1.1.0
161 silly currentTree +-- is-stream@1.1.0
161 silly currentTree +-- is-typedarray@1.0.0
161 silly currentTree +-- is-windows@1.0.2
161 silly currentTree +-- isarray@1.0.0
161 silly currentTree +-- isexe@2.0.0
161 silly currentTree +-- isobject@3.0.1
161 silly currentTree +-- isstream@0.1.2
161 silly currentTree +-- jsbn@0.1.1
161 silly currentTree +-- json-schema-traverse@0.3.1
161 silly currentTree +-- json-schema@0.2.3
161 silly currentTree +-- json-stringify-safe@5.0.1
161 silly currentTree +-- jsprim@1.4.1
161 silly currentTree +-- kareem@1.5.0
161 silly currentTree +-- kind-of@3.2.2
161 silly currentTree +-- latest-version@3.1.0
161 silly currentTree +-- lazy-cache@1.0.4
161 silly currentTree +-- lodash.get@4.4.2
161 silly currentTree +-- lodash@4.17.5
161 silly currentTree +-- longest@1.0.1
161 silly currentTree +-- lowercase-keys@1.0.0
161 silly currentTree +-- lru-cache@4.1.2
161 silly currentTree +-- make-dir@1.2.0
161 silly currentTree +-- map-cache@0.2.2
161 silly currentTree +-- map-stream@0.1.0
161 silly currentTree +-- map-visit@1.0.0
161 silly currentTree +-- media-typer@0.3.0
161 silly currentTree +-- merge-descriptors@1.0.1
161 silly currentTree +-- methods@1.1.2
161 silly currentTree +-- micromatch@3.1.9
161 silly currentTree | `-- kind-of@6.0.2
161 silly currentTree +-- mime-db@1.33.0
161 silly currentTree +-- mime-types@2.1.18
161 silly currentTree +-- mime@1.4.1
161 silly currentTree +-- minimatch@3.0.4
161 silly currentTree +-- minimist@0.0.8
161 silly currentTree +-- mixin-deep@1.3.1
161 silly currentTree | `-- is-extendable@1.0.1
161 silly currentTree +-- mkdirp@0.5.1
161 silly currentTree +-- mongodb-core@3.0.4
161 silly currentTree +-- mongodb@3.0.4
161 silly currentTree +-- mongoose@4.13.12
161 silly currentTree | +-- async@2.1.4
161 silly currentTree | +-- mongodb-core@2.1.18
161 silly currentTree | +-- mongodb@2.2.34
161 silly currentTree | +-- process-nextick-args@1.0.7
161 silly currentTree | `-- readable-stream@2.2.7
161 silly currentTree +-- morgan@1.9.0
161 silly currentTree +-- mpath@0.3.0
161 silly currentTree +-- mpromise@0.5.5
161 silly currentTree +-- mquery@2.3.3
161 silly currentTree | `-- sliced@0.0.5
161 silly currentTree +-- ms@2.0.0
161 silly currentTree +-- muri@1.3.0
161 silly currentTree +-- nan@2.6.2
161 silly currentTree +-- nanomatch@1.2.9
161 silly currentTree | `-- kind-of@6.0.2
161 silly currentTree +-- negotiator@0.6.1
161 silly currentTree +-- node-pre-gyp@0.6.36
161 silly currentTree +-- nodemailer@4.6.3
161 silly currentTree +-- nodemon@1.17.2
161 silly currentTree | `-- debug@3.1.0
161 silly currentTree +-- nopt@4.0.1
161 silly currentTree +-- normalize-path@2.1.1
161 silly currentTree +-- npm-run-path@2.0.2
161 silly currentTree +-- npmlog@4.1.2
161 silly currentTree +-- number-is-nan@1.0.1
161 silly currentTree +-- oauth-sign@0.8.2
161 silly currentTree +-- object-assign@4.1.1
161 silly currentTree +-- object-copy@0.1.0
161 silly currentTree | +-- define-property@0.2.5
161 silly currentTree | +-- is-accessor-descriptor@0.1.6
161 silly currentTree | +-- is-data-descriptor@0.1.4
161 silly currentTree | `-- is-descriptor@0.1.6
161 silly currentTree |   `-- kind-of@5.1.0
161 silly currentTree +-- object-keys@1.0.11
161 silly currentTree +-- object-visit@1.0.1
161 silly currentTree +-- object.assign@4.1.0
161 silly currentTree +-- object.pick@1.3.0
161 silly currentTree +-- on-finished@2.3.0
161 silly currentTree +-- on-headers@1.0.1
161 silly currentTree +-- once@1.4.0
161 silly currentTree +-- optimist@0.6.1
161 silly currentTree +-- os-homedir@1.0.2
161 silly currentTree +-- os-tmpdir@1.0.2
161 silly currentTree +-- osenv@0.1.5
161 silly currentTree +-- p-finally@1.0.0
161 silly currentTree +-- package-json@4.0.1
161 silly currentTree +-- parseurl@1.3.2
161 silly currentTree +-- pascalcase@0.1.1
161 silly currentTree +-- passport-http@0.3.0
161 silly currentTree +-- passport-local@1.0.0
161 silly currentTree +-- passport-strategy@1.0.0
161 silly currentTree +-- passport@0.4.0
161 silly currentTree +-- password-reset@0.1.4
161 silly currentTree +-- path-dirname@1.0.2
161 silly currentTree +-- path-is-absolute@1.0.1
161 silly currentTree +-- path-is-inside@1.0.2
161 silly currentTree +-- path-key@2.0.1
161 silly currentTree +-- path-to-regexp@0.1.7
161 silly currentTree +-- pause-stream@0.0.11
161 silly currentTree +-- pause@0.0.1
161 silly currentTree +-- performance-now@2.1.0
161 silly currentTree +-- pify@3.0.0
161 silly currentTree +-- pony@0.0.2
161 silly currentTree +-- posix-character-classes@0.1.1
161 silly currentTree +-- prepend-http@1.0.4
161 silly currentTree +-- process-nextick-args@2.0.0
161 silly currentTree +-- promise@7.3.1
161 silly currentTree +-- proxy-addr@2.0.3
161 silly currentTree +-- ps-tree@1.1.0
161 silly currentTree +-- pseudomap@1.0.2
161 silly currentTree +-- pstree.remy@1.1.0
161 silly currentTree +-- punycode@1.4.1
161 silly currentTree +-- qs@6.5.1
161 silly currentTree +-- random-bytes@1.0.0
161 silly currentTree +-- range-parser@1.2.0
161 silly currentTree +-- raw-body@2.3.2
161 silly currentTree +-- rc@1.2.6
161 silly currentTree | `-- minimist@1.2.0
161 silly currentTree +-- readable-stream@2.3.5
161 silly currentTree +-- readdirp@2.1.0
161 silly currentTree +-- regex-not@1.0.2
161 silly currentTree +-- regexp-clone@0.0.1
161 silly currentTree +-- registry-auth-token@3.3.2
161 silly currentTree +-- registry-url@3.1.0
161 silly currentTree +-- remove-trailing-separator@1.1.0
161 silly currentTree +-- repeat-element@1.1.2
161 silly currentTree +-- repeat-string@1.6.1
161 silly currentTree +-- request@2.85.0
161 silly currentTree +-- require_optional@1.0.1
161 silly currentTree +-- resolve-from@2.0.0
161 silly currentTree +-- resolve-url@0.2.1
161 silly currentTree +-- resware@0.0.4
161 silly currentTree +-- ret@0.1.15
161 silly currentTree +-- right-align@0.1.3
161 silly currentTree +-- rimraf@2.6.2
161 silly currentTree +-- safe-buffer@5.1.1
161 silly currentTree +-- safe-regex@1.1.0
161 silly currentTree +-- semver-diff@2.1.0
161 silly currentTree +-- semver@5.5.0
161 silly currentTree +-- send@0.16.2
161 silly currentTree +-- seq@0.3.5
161 silly currentTree +-- serve-static@1.13.2
161 silly currentTree +-- set-blocking@2.0.0
161 silly currentTree +-- set-immediate-shim@1.0.1
161 silly currentTree +-- set-value@2.0.0
161 silly currentTree | `-- extend-shallow@2.0.1
161 silly currentTree +-- setprototypeof@1.0.3
161 silly currentTree +-- shebang-command@1.2.0
161 silly currentTree +-- shebang-regex@1.0.0
161 silly currentTree +-- signal-exit@3.0.2
161 silly currentTree +-- sliced@1.0.1
161 silly currentTree +-- smtp-protocol@0.1.2
161 silly currentTree | +-- event-stream@0.6.0
161 silly currentTree | `-- optimist@0.2.8
161 silly currentTree +-- snapdragon-node@2.1.1
161 silly currentTree | `-- define-property@1.0.0
161 silly currentTree +-- snapdragon-util@3.0.1
161 silly currentTree +-- snapdragon@0.8.2
161 silly currentTree | +-- define-property@0.2.5
161 silly currentTree | +-- extend-shallow@2.0.1
161 silly currentTree | +-- is-accessor-descriptor@0.1.6
161 silly currentTree | | `-- kind-of@3.2.2
161 silly currentTree | +-- is-data-descriptor@0.1.4
161 silly currentTree | | `-- kind-of@3.2.2
161 silly currentTree | +-- is-descriptor@0.1.6
161 silly currentTree | +-- kind-of@5.1.0
161 silly currentTree | `-- source-map@0.5.7
161 silly currentTree +-- sntp@2.1.0
161 silly currentTree +-- source-map-resolve@0.5.1
161 silly currentTree +-- source-map-url@0.4.0
161 silly currentTree +-- source-map@0.4.4
161 silly currentTree +-- split-string@3.1.0
161 silly currentTree +-- split@0.3.3
161 silly currentTree +-- sshpk@1.14.1
161 silly currentTree +-- static-extend@0.1.2
161 silly currentTree | +-- define-property@0.2.5
161 silly currentTree | +-- is-accessor-descriptor@0.1.6
161 silly currentTree | | `-- kind-of@3.2.2
161 silly currentTree | +-- is-data-descriptor@0.1.4
161 silly currentTree | | `-- kind-of@3.2.2
161 silly currentTree | +-- is-descriptor@0.1.6
161 silly currentTree | `-- kind-of@5.1.0
161 silly currentTree +-- statuses@1.4.0
161 silly currentTree +-- stream-combiner@0.0.4
161 silly currentTree +-- string_decoder@1.0.3
161 silly currentTree +-- string-width@1.0.2
161 silly currentTree +-- stringstream@0.0.5
161 silly currentTree +-- strip-ansi@3.0.1
161 silly currentTree +-- strip-eof@1.0.0
161 silly currentTree +-- strip-json-comments@2.0.1
161 silly currentTree +-- supports-color@5.3.0
161 silly currentTree +-- tar-pack@3.4.1
161 silly currentTree +-- tar@2.2.1
161 silly currentTree +-- term-size@1.2.0
161 silly currentTree +-- through@2.3.8
161 silly currentTree +-- timed-out@4.0.1
161 silly currentTree +-- to-object-path@0.3.0
161 silly currentTree +-- to-regex-range@2.1.1
161 silly currentTree +-- to-regex@3.0.2
161 silly currentTree +-- touch@3.1.0
161 silly currentTree | `-- nopt@1.0.10
161 silly currentTree +-- tough-cookie@2.3.4
161 silly currentTree +-- traverse@0.6.6
161 silly currentTree +-- tunnel-agent@0.6.0
161 silly currentTree +-- tweetnacl@0.14.5
161 silly currentTree +-- type-is@1.6.16
161 silly currentTree +-- uglify-js@2.8.29
161 silly currentTree | `-- source-map@0.5.7
161 silly currentTree +-- uglify-to-browserify@1.0.2
161 silly currentTree +-- uid-number@0.0.6
161 silly currentTree +-- uid-safe@2.1.5
161 silly currentTree +-- undefsafe@2.0.2
161 silly currentTree +-- union-value@1.0.0
161 silly currentTree | +-- extend-shallow@2.0.1
161 silly currentTree | `-- set-value@0.4.3
161 silly currentTree +-- unique-string@1.0.0
161 silly currentTree +-- unpipe@1.0.0
161 silly currentTree +-- unset-value@1.0.0
161 silly currentTree | +-- has-value@0.3.1
161 silly currentTree | | `-- isobject@2.1.0
161 silly currentTree | `-- has-values@0.1.4
161 silly currentTree +-- unzip-response@2.0.1
161 silly currentTree +-- upath@1.0.4
161 silly currentTree +-- update-notifier@2.3.0
161 silly currentTree +-- urix@0.1.0
161 silly currentTree +-- url-parse-lax@1.0.0
161 silly currentTree +-- use@3.1.0
161 silly currentTree | `-- kind-of@6.0.2
161 silly currentTree +-- util-deprecate@1.0.2
161 silly currentTree +-- utils-merge@1.0.1
161 silly currentTree +-- uuid-pure@1.0.10
161 silly currentTree +-- uuid@3.2.1
161 silly currentTree +-- validator@9.4.1
161 silly currentTree +-- vary@1.1.2
161 silly currentTree +-- verror@1.10.0
161 silly currentTree +-- which@1.3.0
161 silly currentTree +-- wide-align@1.1.2
161 silly currentTree +-- widest-line@2.0.0
161 silly currentTree | +-- ansi-regex@3.0.0
161 silly currentTree | +-- is-fullwidth-code-point@2.0.0
161 silly currentTree | +-- string-width@2.1.1
161 silly currentTree | `-- strip-ansi@4.0.0
161 silly currentTree +-- window-size@0.1.0
161 silly currentTree +-- wordwrap@0.0.3
161 silly currentTree +-- wrappy@1.0.2
161 silly currentTree +-- write-file-atomic@2.3.0
161 silly currentTree +-- xdg-basedir@3.0.0
161 silly currentTree +-- yallist@2.1.2
161 silly currentTree `-- yargs@3.10.0
162 silly idealTree workspace@1.0.0
162 silly idealTree +-- abbrev@1.1.1
162 silly idealTree +-- accepts@1.3.5
162 silly idealTree +-- ajv@5.5.2
162 silly idealTree +-- align-text@0.1.4
162 silly idealTree +-- amdefine@1.0.1
162 silly idealTree +-- ansi-align@2.0.0
162 silly idealTree | +-- ansi-regex@3.0.0
162 silly idealTree | +-- is-fullwidth-code-point@2.0.0
162 silly idealTree | +-- string-width@2.1.1
162 silly idealTree | `-- strip-ansi@4.0.0
162 silly idealTree +-- ansi-regex@2.1.1
162 silly idealTree +-- ansi-styles@3.2.1
162 silly idealTree +-- anymatch@2.0.0
162 silly idealTree +-- aproba@1.2.0
162 silly idealTree +-- are-we-there-yet@1.1.4
162 silly idealTree +-- arr-diff@4.0.0
162 silly idealTree +-- arr-flatten@1.1.0
162 silly idealTree +-- arr-union@3.1.0
162 silly idealTree +-- array-flatten@1.1.1
162 silly idealTree +-- array-unique@0.3.2
162 silly idealTree +-- asap@2.0.6
162 silly idealTree +-- asn1@0.2.3
162 silly idealTree +-- assert-plus@1.0.0
162 silly idealTree +-- assign-symbols@1.0.0
162 silly idealTree +-- async-each@1.0.1
162 silly idealTree +-- async@1.5.2
162 silly idealTree +-- asynckit@0.4.0
162 silly idealTree +-- atob@2.0.3
162 silly idealTree +-- aws-sign2@0.7.0
162 silly idealTree +-- aws4@1.6.0
162 silly idealTree +-- balanced-match@1.0.0
162 silly idealTree +-- base@0.11.2
162 silly idealTree | `-- define-property@1.0.0
162 silly idealTree +-- basic-auth@2.0.0
162 silly idealTree +-- bcrypt-pbkdf@1.0.1
162 silly idealTree +-- bcrypt@1.0.3
162 silly idealTree +-- bcryptjs@2.4.3
162 silly idealTree +-- binary-extensions@1.11.0
162 silly idealTree +-- bindings@1.3.0
162 silly idealTree +-- block-stream@0.0.9
162 silly idealTree +-- bluebird@3.5.0
162 silly idealTree +-- body-parser@1.18.2
162 silly idealTree +-- boom@4.3.1
162 silly idealTree +-- boxen@1.3.0
162 silly idealTree | +-- ansi-regex@3.0.0
162 silly idealTree | +-- camelcase@4.1.0
162 silly idealTree | +-- is-fullwidth-code-point@2.0.0
162 silly idealTree | +-- string-width@2.1.1
162 silly idealTree | `-- strip-ansi@4.0.0
162 silly idealTree +-- brace-expansion@1.1.11
162 silly idealTree +-- braces@2.3.1
162 silly idealTree | +-- define-property@1.0.0
162 silly idealTree | +-- extend-shallow@2.0.1
162 silly idealTree | `-- kind-of@6.0.2
162 silly idealTree +-- bson@1.0.6
162 silly idealTree +-- buffer-shims@1.0.0
162 silly idealTree +-- bytes@3.0.0
162 silly idealTree +-- cache-base@1.0.1
162 silly idealTree +-- camelcase@1.2.1
162 silly idealTree +-- capture-stack-trace@1.0.0
162 silly idealTree +-- caseless@0.12.0
162 silly idealTree +-- center-align@0.1.3
162 silly idealTree +-- chainsaw@0.0.9
162 silly idealTree | `-- traverse@0.3.9
162 silly idealTree +-- chalk@2.3.2
162 silly idealTree +-- chokidar@2.0.2
162 silly idealTree +-- class-utils@0.3.6
162 silly idealTree | +-- define-property@0.2.5
162 silly idealTree | +-- is-accessor-descriptor@0.1.6
162 silly idealTree | | `-- kind-of@3.2.2
162 silly idealTree | +-- is-data-descriptor@0.1.4
162 silly idealTree | | `-- kind-of@3.2.2
162 silly idealTree | +-- is-descriptor@0.1.6
162 silly idealTree | `-- kind-of@5.1.0
162 silly idealTree +-- cli-boxes@1.0.0
162 silly idealTree +-- cliui@2.1.0
162 silly idealTree | `-- wordwrap@0.0.2
162 silly idealTree +-- co@4.6.0
162 silly idealTree +-- code-point-at@1.1.0
162 silly idealTree +-- collection-visit@1.0.0
162 silly idealTree +-- color-convert@1.9.1
162 silly idealTree +-- color-name@1.1.3
162 silly idealTree +-- combined-stream@1.0.6
162 silly idealTree +-- component-emitter@1.2.1
162 silly idealTree +-- concat-map@0.0.1
162 silly idealTree +-- configstore@3.1.1
162 silly idealTree +-- connect-flash@0.1.1
162 silly idealTree +-- connect-mongo@2.0.1
162 silly idealTree | +-- mongodb-core@2.1.19
162 silly idealTree | +-- mongodb@2.2.35
162 silly idealTree | +-- process-nextick-args@1.0.7
162 silly idealTree | `-- readable-stream@2.2.7
162 silly idealTree +-- connect@3.6.6
162 silly idealTree | +-- finalhandler@1.1.0
162 silly idealTree | `-- statuses@1.3.1
162 silly idealTree +-- console-control-strings@1.1.0
162 silly idealTree +-- content-disposition@0.5.2
162 silly idealTree +-- content-type@1.0.4
162 silly idealTree +-- cookie-parser@1.4.3
162 silly idealTree +-- cookie-signature@1.0.6
162 silly idealTree +-- cookie@0.3.1
162 silly idealTree +-- copy-descriptor@0.1.1
162 silly idealTree +-- core-util-is@1.0.2
162 silly idealTree +-- crc@3.4.4
162 silly idealTree +-- create-error-class@3.0.2
162 silly idealTree +-- cross-spawn@5.1.0
162 silly idealTree +-- cryptiles@3.1.2
162 silly idealTree | `-- boom@5.2.0
162 silly idealTree +-- crypto-random-string@1.0.0
162 silly idealTree +-- dashdash@1.14.1
162 silly idealTree +-- debug@2.6.9
162 silly idealTree +-- decamelize@1.2.0
162 silly idealTree +-- decode-uri-component@0.2.0
162 silly idealTree +-- deep-extend@0.4.2
162 silly idealTree +-- define-properties@1.1.2
162 silly idealTree +-- define-property@2.0.2
162 silly idealTree +-- delayed-stream@1.0.0
162 silly idealTree +-- delegates@1.0.0
162 silly idealTree +-- depd@1.1.2
162 silly idealTree +-- destroy@1.0.4
162 silly idealTree +-- dot-prop@4.2.0
162 silly idealTree +-- duplexer@0.1.1
162 silly idealTree +-- duplexer3@0.1.4
162 silly idealTree +-- ecc-jsbn@0.1.1
162 silly idealTree +-- ee-first@1.1.1
162 silly idealTree +-- ejs@2.5.7
162 silly idealTree +-- encodeurl@1.0.2
162 silly idealTree +-- ent@0.0.7
162 silly idealTree +-- es6-promise@3.2.1
162 silly idealTree +-- escape-html@1.0.3
162 silly idealTree +-- escape-string-regexp@1.0.5
162 silly idealTree +-- etag@1.8.1
162 silly idealTree +-- event-stream@3.3.4
162 silly idealTree +-- execa@0.7.0
162 silly idealTree +-- expand-brackets@2.1.4
162 silly idealTree | +-- define-property@0.2.5
162 silly idealTree | +-- extend-shallow@2.0.1
162 silly idealTree | +-- is-accessor-descriptor@0.1.6
162 silly idealTree | | `-- kind-of@3.2.2
162 silly idealTree | +-- is-data-descriptor@0.1.4
162 silly idealTree | | `-- kind-of@3.2.2
162 silly idealTree | +-- is-descriptor@0.1.6
162 silly idealTree | `-- kind-of@5.1.0
162 silly idealTree +-- express-handlebars@3.0.0
162 silly idealTree | `-- glob@6.0.4
162 silly idealTree +-- express-session@1.15.6
162 silly idealTree +-- express-validator@5.0.3
162 silly idealTree +-- express@4.16.3
162 silly idealTree | `-- setprototypeof@1.1.0
162 silly idealTree +-- extend-shallow@3.0.2
162 silly idealTree | `-- is-extendable@1.0.1
162 silly idealTree +-- extend@3.0.1
162 silly idealTree +-- extglob@2.0.4
162 silly idealTree | +-- define-property@1.0.0
162 silly idealTree | `-- extend-shallow@2.0.1
162 silly idealTree +-- extsprintf@1.3.0
162 silly idealTree +-- fast-deep-equal@1.1.0
162 silly idealTree +-- fast-json-stable-stringify@2.0.0
162 silly idealTree +-- fill-range@4.0.0
162 silly idealTree | `-- extend-shallow@2.0.1
162 silly idealTree +-- finalhandler@1.1.1
162 silly idealTree +-- for-in@1.0.2
162 silly idealTree +-- foreach@2.0.5
162 silly idealTree +-- forever-agent@0.6.1
162 silly idealTree +-- form-data@2.3.2
162 silly idealTree +-- forwarded@0.1.2
162 silly idealTree +-- fragment-cache@0.2.1
162 silly idealTree +-- fresh@0.5.2
162 silly idealTree +-- from@0.1.7
162 silly idealTree +-- fs.realpath@1.0.0
162 silly idealTree +-- fstream-ignore@1.0.5
162 silly idealTree +-- fstream@1.0.11
162 silly idealTree +-- function-bind@1.1.1
162 silly idealTree +-- gauge@2.7.4
162 silly idealTree +-- get-stream@3.0.0
162 silly idealTree +-- get-value@2.0.6
162 silly idealTree +-- getpass@0.1.7
162 silly idealTree +-- glob-parent@3.1.0
162 silly idealTree | `-- is-glob@3.1.0
162 silly idealTree +-- glob@7.1.2
162 silly idealTree +-- global-dirs@0.1.1
162 silly idealTree +-- got@6.7.1
162 silly idealTree +-- graceful-fs@4.1.11
162 silly idealTree +-- handlebars@4.0.11
162 silly idealTree +-- har-schema@2.0.0
162 silly idealTree +-- har-validator@5.0.3
162 silly idealTree +-- has-flag@3.0.0
162 silly idealTree +-- has-symbols@1.0.0
162 silly idealTree +-- has-unicode@2.0.1
162 silly idealTree +-- has-value@1.0.0
162 silly idealTree +-- has-values@1.0.0
162 silly idealTree | `-- kind-of@4.0.0
162 silly idealTree +-- hashish@0.0.4
162 silly idealTree +-- hawk@6.0.2
162 silly idealTree +-- hoek@4.2.1
162 silly idealTree +-- hooks-fixed@2.0.2
162 silly idealTree +-- http-errors@1.6.2
162 silly idealTree | `-- depd@1.1.1
162 silly idealTree +-- http-signature@1.2.0
162 silly idealTree +-- iconv-lite@0.4.19
162 silly idealTree +-- ignore-by-default@1.0.1
162 silly idealTree +-- import-lazy@2.1.0
162 silly idealTree +-- imurmurhash@0.1.4
162 silly idealTree +-- inflight@1.0.6
162 silly idealTree +-- inherits@2.0.3
162 silly idealTree +-- ini@1.3.5
162 silly idealTree +-- ipaddr.js@1.6.0
162 silly idealTree +-- is-accessor-descriptor@1.0.0
162 silly idealTree | `-- kind-of@6.0.2
162 silly idealTree +-- is-binary-path@1.0.1
162 silly idealTree +-- is-buffer@1.1.6
162 silly idealTree +-- is-data-descriptor@1.0.0
162 silly idealTree | `-- kind-of@6.0.2
162 silly idealTree +-- is-descriptor@1.0.2
162 silly idealTree | `-- kind-of@6.0.2
162 silly idealTree +-- is-extendable@0.1.1
162 silly idealTree +-- is-extglob@2.1.1
162 silly idealTree +-- is-fullwidth-code-point@1.0.0
162 silly idealTree +-- is-glob@4.0.0
162 silly idealTree +-- is-installed-globally@0.1.0
162 silly idealTree +-- is-npm@1.0.0
162 silly idealTree +-- is-number@3.0.0
162 silly idealTree +-- is-obj@1.0.1
162 silly idealTree +-- is-odd@2.0.0
162 silly idealTree | `-- is-number@4.0.0
162 silly idealTree +-- is-path-inside@1.0.1
162 silly idealTree +-- is-plain-object@2.0.4
162 silly idealTree +-- is-redirect@1.0.0
162 silly idealTree +-- is-retry-allowed@1.1.0
162 silly idealTree +-- is-stream@1.1.0
162 silly idealTree +-- is-typedarray@1.0.0
162 silly idealTree +-- is-windows@1.0.2
162 silly idealTree +-- isarray@1.0.0
162 silly idealTree +-- isexe@2.0.0
162 silly idealTree +-- isobject@3.0.1
162 silly idealTree +-- isstream@0.1.2
162 silly idealTree +-- jsbn@0.1.1
162 silly idealTree +-- json-schema-traverse@0.3.1
162 silly idealTree +-- json-schema@0.2.3
162 silly idealTree +-- json-stringify-safe@5.0.1
162 silly idealTree +-- jsprim@1.4.1
162 silly idealTree +-- kareem@1.5.0
162 silly idealTree +-- kind-of@3.2.2
162 silly idealTree +-- latest-version@3.1.0
162 silly idealTree +-- lazy-cache@1.0.4
162 silly idealTree +-- lodash.get@4.4.2
162 silly idealTree +-- lodash@4.17.5
162 silly idealTree +-- longest@1.0.1
162 silly idealTree +-- lowercase-keys@1.0.0
162 silly idealTree +-- lru-cache@4.1.2
162 silly idealTree +-- make-dir@1.2.0
162 silly idealTree +-- map-cache@0.2.2
162 silly idealTree +-- map-stream@0.1.0
162 silly idealTree +-- map-visit@1.0.0
162 silly idealTree +-- media-typer@0.3.0
162 silly idealTree +-- merge-descriptors@1.0.1
162 silly idealTree +-- methods@1.1.2
162 silly idealTree +-- micromatch@3.1.9
162 silly idealTree | `-- kind-of@6.0.2
162 silly idealTree +-- mime-db@1.33.0
162 silly idealTree +-- mime-types@2.1.18
162 silly idealTree +-- mime@1.4.1
162 silly idealTree +-- minimatch@3.0.4
162 silly idealTree +-- minimist@0.0.8
162 silly idealTree +-- mixin-deep@1.3.1
162 silly idealTree | `-- is-extendable@1.0.1
162 silly idealTree +-- mkdirp@0.5.1
162 silly idealTree +-- mongodb-core@3.0.4
162 silly idealTree +-- mongodb@3.0.4
162 silly idealTree +-- mongoose@4.13.12
162 silly idealTree | +-- async@2.1.4
162 silly idealTree | +-- mongodb-core@2.1.18
162 silly idealTree | +-- mongodb@2.2.34
162 silly idealTree | +-- process-nextick-args@1.0.7
162 silly idealTree | `-- readable-stream@2.2.7
162 silly idealTree +-- morgan@1.9.0
162 silly idealTree +-- mpath@0.3.0
162 silly idealTree +-- mpromise@0.5.5
162 silly idealTree +-- mquery@2.3.3
162 silly idealTree | `-- sliced@0.0.5
162 silly idealTree +-- ms@2.0.0
162 silly idealTree +-- muri@1.3.0
162 silly idealTree +-- nan@2.6.2
162 silly idealTree +-- nanomatch@1.2.9
162 silly idealTree | `-- kind-of@6.0.2
162 silly idealTree +-- negotiator@0.6.1
162 silly idealTree +-- node-pre-gyp@0.6.36
162 silly idealTree +-- node-proxy@1.0.0
162 silly idealTree +-- nodemailer@4.6.3
162 silly idealTree +-- nodemon@1.17.2
162 silly idealTree | `-- debug@3.1.0
162 silly idealTree +-- nopt@4.0.1
162 silly idealTree +-- normalize-path@2.1.1
162 silly idealTree +-- npm-run-path@2.0.2
162 silly idealTree +-- npmlog@4.1.2
162 silly idealTree +-- number-is-nan@1.0.1
162 silly idealTree +-- oauth-sign@0.8.2
162 silly idealTree +-- object-assign@4.1.1
162 silly idealTree +-- object-copy@0.1.0
162 silly idealTree | +-- define-property@0.2.5
162 silly idealTree | +-- is-accessor-descriptor@0.1.6
162 silly idealTree | +-- is-data-descriptor@0.1.4
162 silly idealTree | `-- is-descriptor@0.1.6
162 silly idealTree |   `-- kind-of@5.1.0
162 silly idealTree +-- object-keys@1.0.11
162 silly idealTree +-- object-visit@1.0.1
162 silly idealTree +-- object.assign@4.1.0
162 silly idealTree +-- object.pick@1.3.0
162 silly idealTree +-- on-finished@2.3.0
162 silly idealTree +-- on-headers@1.0.1
162 silly idealTree +-- once@1.4.0
162 silly idealTree +-- optimist@0.6.1
162 silly idealTree +-- os-homedir@1.0.2
162 silly idealTree +-- os-tmpdir@1.0.2
162 silly idealTree +-- osenv@0.1.5
162 silly idealTree +-- p-finally@1.0.0
162 silly idealTree +-- package-json@4.0.1
162 silly idealTree +-- parseurl@1.3.2
162 silly idealTree +-- pascalcase@0.1.1
162 silly idealTree +-- passport-http@0.3.0
162 silly idealTree +-- passport-local@1.0.0
162 silly idealTree +-- passport-strategy@1.0.0
162 silly idealTree +-- passport@0.4.0
162 silly idealTree +-- password-reset@0.1.4
162 silly idealTree +-- path-dirname@1.0.2
162 silly idealTree +-- path-is-absolute@1.0.1
162 silly idealTree +-- path-is-inside@1.0.2
162 silly idealTree +-- path-key@2.0.1
162 silly idealTree +-- path-to-regexp@0.1.7
162 silly idealTree +-- pause-stream@0.0.11
162 silly idealTree +-- pause@0.0.1
162 silly idealTree +-- performance-now@2.1.0
162 silly idealTree +-- pify@3.0.0
162 silly idealTree +-- pony@0.0.2
162 silly idealTree +-- posix-character-classes@0.1.1
162 silly idealTree +-- prepend-http@1.0.4
162 silly idealTree +-- process-nextick-args@2.0.0
162 silly idealTree +-- promise@7.3.1
162 silly idealTree +-- proxy-addr@2.0.3
162 silly idealTree +-- ps-tree@1.1.0
162 silly idealTree +-- pseudomap@1.0.2
162 silly idealTree +-- pstree.remy@1.1.0
162 silly idealTree +-- punycode@1.4.1
162 silly idealTree +-- qs@6.5.1
162 silly idealTree +-- random-bytes@1.0.0
162 silly idealTree +-- range-parser@1.2.0
162 silly idealTree +-- raw-body@2.3.2
162 silly idealTree +-- rc@1.2.6
162 silly idealTree | `-- minimist@1.2.0
162 silly idealTree +-- readable-stream@2.3.5
162 silly idealTree +-- readdirp@2.1.0
162 silly idealTree +-- regex-not@1.0.2
162 silly idealTree +-- regexp-clone@0.0.1
162 silly idealTree +-- registry-auth-token@3.3.2
162 silly idealTree +-- registry-url@3.1.0
162 silly idealTree +-- remove-trailing-separator@1.1.0
162 silly idealTree +-- repeat-element@1.1.2
162 silly idealTree +-- repeat-string@1.6.1
162 silly idealTree +-- request@2.85.0
162 silly idealTree +-- require_optional@1.0.1
162 silly idealTree +-- resolve-from@2.0.0
162 silly idealTree +-- resolve-url@0.2.1
162 silly idealTree +-- resware@0.0.4
162 silly idealTree +-- ret@0.1.15
162 silly idealTree +-- right-align@0.1.3
162 silly idealTree +-- rimraf@2.6.2
162 silly idealTree +-- safe-buffer@5.1.1
162 silly idealTree +-- safe-regex@1.1.0
162 silly idealTree +-- semver-diff@2.1.0
162 silly idealTree +-- semver@5.5.0
162 silly idealTree +-- send@0.16.2
162 silly idealTree +-- seq@0.3.5
162 silly idealTree +-- serve-static@1.13.2
162 silly idealTree +-- sesame@0.1.2
162 silly idealTree +-- set-blocking@2.0.0
162 silly idealTree +-- set-immediate-shim@1.0.1
162 silly idealTree +-- set-value@2.0.0
162 silly idealTree | `-- extend-shallow@2.0.1
162 silly idealTree +-- setprototypeof@1.0.3
162 silly idealTree +-- shebang-command@1.2.0
162 silly idealTree +-- shebang-regex@1.0.0
162 silly idealTree +-- signal-exit@3.0.2
162 silly idealTree +-- sliced@1.0.1
162 silly idealTree +-- smtp-protocol@0.1.2
162 silly idealTree | +-- event-stream@0.6.0
162 silly idealTree | `-- optimist@0.2.8
162 silly idealTree +-- snapdragon-node@2.1.1
162 silly idealTree | `-- define-property@1.0.0
162 silly idealTree +-- snapdragon-util@3.0.1
162 silly idealTree +-- snapdragon@0.8.2
162 silly idealTree | +-- define-property@0.2.5
162 silly idealTree | +-- extend-shallow@2.0.1
162 silly idealTree | +-- is-accessor-descriptor@0.1.6
162 silly idealTree | | `-- kind-of@3.2.2
162 silly idealTree | +-- is-data-descriptor@0.1.4
162 silly idealTree | | `-- kind-of@3.2.2
162 silly idealTree | +-- is-descriptor@0.1.6
162 silly idealTree | +-- kind-of@5.1.0
162 silly idealTree | `-- source-map@0.5.7
162 silly idealTree +-- sntp@2.1.0
162 silly idealTree +-- source-map-resolve@0.5.1
162 silly idealTree +-- source-map-url@0.4.0
162 silly idealTree +-- source-map@0.4.4
162 silly idealTree +-- split-string@3.1.0
162 silly idealTree +-- split@0.3.3
162 silly idealTree +-- sshpk@1.14.1
162 silly idealTree +-- static-extend@0.1.2
162 silly idealTree | +-- define-property@0.2.5
162 silly idealTree | +-- is-accessor-descriptor@0.1.6
162 silly idealTree | | `-- kind-of@3.2.2
162 silly idealTree | +-- is-data-descriptor@0.1.4
162 silly idealTree | | `-- kind-of@3.2.2
162 silly idealTree | +-- is-descriptor@0.1.6
162 silly idealTree | `-- kind-of@5.1.0
162 silly idealTree +-- statuses@1.4.0
162 silly idealTree +-- stream-combiner@0.0.4
162 silly idealTree +-- string_decoder@1.0.3
162 silly idealTree +-- string-width@1.0.2
162 silly idealTree +-- stringstream@0.0.5
162 silly idealTree +-- strip-ansi@3.0.1
162 silly idealTree +-- strip-eof@1.0.0
162 silly idealTree +-- strip-json-comments@2.0.1
162 silly idealTree +-- supports-color@5.3.0
162 silly idealTree +-- tar-pack@3.4.1
162 silly idealTree +-- tar@2.2.1
162 silly idealTree +-- term-size@1.2.0
162 silly idealTree +-- through@2.3.8
162 silly idealTree +-- timed-out@4.0.1
162 silly idealTree +-- to-object-path@0.3.0
162 silly idealTree +-- to-regex-range@2.1.1
162 silly idealTree +-- to-regex@3.0.2
162 silly idealTree +-- touch@3.1.0
162 silly idealTree | `-- nopt@1.0.10
162 silly idealTree +-- tough-cookie@2.3.4
162 silly idealTree +-- traverse@0.6.6
162 silly idealTree +-- tunnel-agent@0.6.0
162 silly idealTree +-- tweetnacl@0.14.5
162 silly idealTree +-- type-is@1.6.16
162 silly idealTree +-- uglify-js@2.8.29
162 silly idealTree | `-- source-map@0.5.7
162 silly idealTree +-- uglify-to-browserify@1.0.2
162 silly idealTree +-- uid-number@0.0.6
162 silly idealTree +-- uid-safe@2.1.5
162 silly idealTree +-- undefsafe@2.0.2
162 silly idealTree +-- union-value@1.0.0
162 silly idealTree | +-- extend-shallow@2.0.1
162 silly idealTree | `-- set-value@0.4.3
162 silly idealTree +-- unique-string@1.0.0
162 silly idealTree +-- unpipe@1.0.0
162 silly idealTree +-- unset-value@1.0.0
162 silly idealTree | +-- has-value@0.3.1
162 silly idealTree | | `-- isobject@2.1.0
162 silly idealTree | `-- has-values@0.1.4
162 silly idealTree +-- unzip-response@2.0.1
162 silly idealTree +-- upath@1.0.4
162 silly idealTree +-- update-notifier@2.3.0
162 silly idealTree +-- urix@0.1.0
162 silly idealTree +-- url-parse-lax@1.0.0
162 silly idealTree +-- use@3.1.0
162 silly idealTree | `-- kind-of@6.0.2
162 silly idealTree +-- util-deprecate@1.0.2
162 silly idealTree +-- utils-merge@1.0.1
162 silly idealTree +-- uuid-pure@1.0.10
162 silly idealTree +-- uuid@3.2.1
162 silly idealTree +-- validator@9.4.1
162 silly idealTree +-- vary@1.1.2
162 silly idealTree +-- verror@1.10.0
162 silly idealTree +-- which@1.3.0
162 silly idealTree +-- wide-align@1.1.2
162 silly idealTree +-- widest-line@2.0.0
162 silly idealTree | +-- ansi-regex@3.0.0
162 silly idealTree | +-- is-fullwidth-code-point@2.0.0
162 silly idealTree | +-- string-width@2.1.1
162 silly idealTree | `-- strip-ansi@4.0.0
162 silly idealTree +-- window-size@0.1.0
162 silly idealTree +-- wordwrap@0.0.3
162 silly idealTree +-- wrappy@1.0.2
162 silly idealTree +-- write-file-atomic@2.3.0
162 silly idealTree +-- xdg-basedir@3.0.0
162 silly idealTree +-- yallist@2.1.2
162 silly idealTree `-- yargs@3.10.0
163 silly generateActionsToTake Starting
164 silly install generateActionsToTake
165 silly generateActionsToTake Finishing
166 silly diffTrees action count 3
167 silly diffTrees add bindings@1.3.0
168 silly diffTrees add node-proxy@1.0.0
169 silly diffTrees add sesame@0.1.2
170 silly decomposeActions action count 24
171 silly decomposeActions fetch bindings@1.3.0
172 silly decomposeActions extract bindings@1.3.0
173 silly decomposeActions test bindings@1.3.0
174 silly decomposeActions preinstall bindings@1.3.0
175 silly decomposeActions build bindings@1.3.0
176 silly decomposeActions install bindings@1.3.0
177 silly decomposeActions postinstall bindings@1.3.0
178 silly decomposeActions finalize bindings@1.3.0
179 silly decomposeActions fetch node-proxy@1.0.0
180 silly decomposeActions extract node-proxy@1.0.0
181 silly decomposeActions test node-proxy@1.0.0
182 silly decomposeActions preinstall node-proxy@1.0.0
183 silly decomposeActions build node-proxy@1.0.0
184 silly decomposeActions install node-proxy@1.0.0
185 silly decomposeActions postinstall node-proxy@1.0.0
186 silly decomposeActions finalize node-proxy@1.0.0
187 silly decomposeActions fetch sesame@0.1.2
188 silly decomposeActions extract sesame@0.1.2
189 silly decomposeActions test sesame@0.1.2
190 silly decomposeActions preinstall sesame@0.1.2
191 silly decomposeActions build sesame@0.1.2
192 silly decomposeActions install sesame@0.1.2
193 silly decomposeActions postinstall sesame@0.1.2
194 silly decomposeActions finalize sesame@0.1.2
195 silly runTopLevelLifecycles Starting
196 silly executeActions Starting
197 silly install executeActions
198 silly doSerial global-install 0
199 silly doParallel fetch 3
200 verbose correctMkdir C:\Users\Abhishek\AppData\Roaming\npm-cache\_locks correctMkdir not in flight; initializing
201 verbose lock using C:\Users\Abhishek\AppData\Roaming\npm-cache\_locks\staging-cf7faca6d45c2a8b.lock for E:\workspace\node_modules\.staging
202 silly doParallel extract 3
203 silly extract bindings@1.3.0
204 silly extract node-proxy@1.0.0
205 silly extract sesame@0.1.2
206 verbose unbuild node_modules\.staging\node-proxy-ad78014e
207 verbose unbuild node_modules\.staging\sesame-acc785fb
208 verbose unbuild node_modules\.staging\bindings-a3a2c0b1
209 silly gentlyRm E:\workspace\node_modules\.staging\node-proxy-ad78014e is being purged from base E:\workspace
210 verbose gentlyRm don't care about contents; nuking E:\workspace\node_modules\.staging\node-proxy-ad78014e
211 silly gentlyRm E:\workspace\node_modules\.staging\sesame-acc785fb is being purged from base E:\workspace
212 verbose gentlyRm don't care about contents; nuking E:\workspace\node_modules\.staging\sesame-acc785fb
213 silly gentlyRm E:\workspace\node_modules\.staging\bindings-a3a2c0b1 is being purged from base E:\workspace
214 verbose gentlyRm don't care about contents; nuking E:\workspace\node_modules\.staging\bindings-a3a2c0b1
215 verbose tar unpack C:\Users\Abhishek\AppData\Roaming\npm-cache\node-proxy\1.0.0\package.tgz
216 verbose tar unpacking to E:\workspace\node_modules\.staging\node-proxy-ad78014e
217 silly gentlyRm E:\workspace\node_modules\.staging\node-proxy-ad78014e is being purged
218 verbose gentlyRm don't care about contents; nuking E:\workspace\node_modules\.staging\node-proxy-ad78014e
219 verbose tar unpack C:\Users\Abhishek\AppData\Roaming\npm-cache\sesame\0.1.2\package.tgz
220 verbose tar unpacking to E:\workspace\node_modules\.staging\sesame-acc785fb
221 silly gentlyRm E:\workspace\node_modules\.staging\sesame-acc785fb is being purged
222 verbose gentlyRm don't care about contents; nuking E:\workspace\node_modules\.staging\sesame-acc785fb
223 verbose tar unpack C:\Users\Abhishek\AppData\Roaming\npm-cache\bindings\1.3.0\package.tgz
224 verbose tar unpacking to E:\workspace\node_modules\.staging\bindings-a3a2c0b1
225 silly gentlyRm E:\workspace\node_modules\.staging\bindings-a3a2c0b1 is being purged
226 verbose gentlyRm don't care about contents; nuking E:\workspace\node_modules\.staging\bindings-a3a2c0b1
227 silly gunzTarPerm modes [ '777', '666' ]
228 silly gunzTarPerm modes [ '777', '666' ]
229 silly gunzTarPerm modes [ '777', '666' ]
230 silly gunzTarPerm extractEntry package.json
231 silly gunzTarPerm modified mode [ 'package.json', 420, 438 ]
232 silly gunzTarPerm extractEntry
233 silly gunzTarPerm modified mode [ '', 493, 511 ]
234 silly gunzTarPerm extractEntry package.json
235 silly gunzTarPerm modified mode [ 'package.json', 420, 438 ]
236 silly gunzTarPerm extractEntry .npmignore
237 silly gunzTarPerm modified mode [ '.npmignore', 420, 438 ]
238 silly gunzTarPerm extractEntry README.md
239 silly gunzTarPerm modified mode [ 'README.md', 420, 438 ]
240 silly gunzTarPerm extractEntry README.md
241 silly gunzTarPerm modified mode [ 'README.md', 420, 438 ]
242 silly gunzTarPerm extractEntry bindings.js
243 silly gunzTarPerm modified mode [ 'bindings.js', 420, 438 ]
244 silly gunzTarPerm extractEntry test/
245 silly gunzTarPerm modified mode [ 'test/', 493, 511 ]
246 silly gunzTarPerm extractEntry test/persist.js
247 silly gunzTarPerm modified mode [ 'test/persist.js', 420, 438 ]
248 silly gunzTarPerm extractEntry test/memory.js
249 silly gunzTarPerm modified mode [ 'test/memory.js', 420, 438 ]
250 silly gunzTarPerm extractEntry test/json.js
251 silly gunzTarPerm modified mode [ 'test/json.js', 420, 438 ]
252 silly gunzTarPerm extractEntry README.markdown
253 silly gunzTarPerm modified mode [ 'README.markdown', 420, 438 ]
254 silly gunzTarPerm extractEntry index.js
255 silly gunzTarPerm modified mode [ 'index.js', 420, 438 ]
256 silly gunzTarPerm extractEntry .npmignore
257 silly gunzTarPerm modified mode [ '.npmignore', 420, 438 ]
258 silly gunzTarPerm extractEntry examples/
259 silly gunzTarPerm modified mode [ 'examples/', 493, 511 ]
260 silly gunzTarPerm extractEntry examples/nstore.js
261 silly gunzTarPerm modified mode [ 'examples/nstore.js', 420, 438 ]
262 silly gunzTarPerm extractEntry examples/memory-express-app.js
263 silly gunzTarPerm modified mode [ 'examples/memory-express-app.js', 420, 438 ]
264 silly gunzTarPerm extractEntry examples/supermarket-nested.js
265 silly gunzTarPerm modified mode [ 'examples/supermarket-nested.js', 420, 438 ]
266 silly gunzTarPerm extractEntry examples/chaos.js
267 silly gunzTarPerm modified mode [ 'examples/chaos.js', 420, 438 ]
268 silly gunzTarPerm extractEntry examples/memory.js
269 silly gunzTarPerm modified mode [ 'examples/memory.js', 420, 438 ]
270 silly gunzTarPerm extractEntry examples/supermarket.js
271 silly gunzTarPerm modified mode [ 'examples/supermarket.js', 420, 438 ]
272 silly gunzTarPerm extractEntry examples/memory-express.js
273 silly gunzTarPerm modified mode [ 'examples/memory-express.js', 420, 438 ]
274 silly gunzTarPerm extractEntry package.json
275 silly gunzTarPerm modified mode [ 'package.json', 420, 438 ]
276 silly gunzTarPerm extractEntry binding.gyp
277 silly gunzTarPerm modified mode [ 'binding.gyp', 420, 438 ]
278 silly gunzTarPerm extractEntry .travis.yml
279 silly gunzTarPerm modified mode [ '.travis.yml', 420, 438 ]
280 silly gunzTarPerm extractEntry examples/autoload-namespace/autoload-namespace.js
281 silly gunzTarPerm modified mode [ 'examples/autoload-namespace/autoload-namespace.js', 420, 438 ]
282 silly gunzTarPerm extractEntry examples/autoload-namespace/autoload-test.js
283 silly gunzTarPerm modified mode [ 'examples/autoload-namespace/autoload-test.js', 420, 438 ]
284 silly gunzTarPerm extractEntry examples/autoload-namespace/org/w3c/DOM/Document.js
285 silly gunzTarPerm modified mode [ 'examples/autoload-namespace/org/w3c/DOM/Document.js',
285 silly gunzTarPerm   420,
285 silly gunzTarPerm   438 ]
286 silly gunzTarPerm extractEntry examples/autoload-namespace/org/w3c/DOM/Document/String/Test.js
287 silly gunzTarPerm modified mode [ 'examples/autoload-namespace/org/w3c/DOM/Document/String/Test.js',
287 silly gunzTarPerm   420,
287 silly gunzTarPerm   438 ]
288 silly gunzTarPerm extractEntry lib/node-proxy.js
289 silly gunzTarPerm modified mode [ 'lib/node-proxy.js', 420, 438 ]
290 silly gunzTarPerm extractEntry src/node-proxy.cc
291 silly gunzTarPerm modified mode [ 'src/node-proxy.cc', 420, 438 ]
292 silly gunzTarPerm extractEntry src/node-proxy.h
293 silly gunzTarPerm modified mode [ 'src/node-proxy.h', 420, 438 ]
294 silly gentlyRm E:\workspace\node_modules\.staging\bindings-a3a2c0b1\node_modules is being purged
295 verbose gentlyRm don't care about contents; nuking E:\workspace\node_modules\.staging\bindings-a3a2c0b1\node_modules
296 silly gunzTarPerm extractEntry LICENSE.txt
297 silly gunzTarPerm modified mode [ 'LICENSE.txt', 420, 438 ]
298 silly gunzTarPerm extractEntry test/mocha-test-notworking.js
299 silly gunzTarPerm modified mode [ 'test/mocha-test-notworking.js', 420, 438 ]
300 silly gunzTarPerm extractEntry test/test.js
301 silly gunzTarPerm modified mode [ 'test/test.js', 420, 438 ]
302 silly gentlyRm E:\workspace\node_modules\.staging\sesame-acc785fb\node_modules is being purged
303 verbose gentlyRm don't care about contents; nuking E:\workspace\node_modules\.staging\sesame-acc785fb\node_modules
304 silly gentlyRm E:\workspace\node_modules\.staging\node-proxy-ad78014e\node_modules is being purged
305 verbose gentlyRm don't care about contents; nuking E:\workspace\node_modules\.staging\node-proxy-ad78014e\node_modules
306 silly doParallel preinstall 3
307 silly preinstall bindings@1.3.0 E:\workspace\node_modules\.staging\bindings-a3a2c0b1
308 info lifecycle bindings@1.3.0~preinstall: bindings@1.3.0
309 silly preinstall node-proxy@1.0.0 E:\workspace\node_modules\.staging\node-proxy-ad78014e
310 info lifecycle node-proxy@1.0.0~preinstall: node-proxy@1.0.0
311 silly preinstall sesame@0.1.2 E:\workspace\node_modules\.staging\sesame-acc785fb
312 info lifecycle sesame@0.1.2~preinstall: sesame@0.1.2
313 silly lifecycle bindings@1.3.0~preinstall: no script for preinstall, continuing
314 silly lifecycle node-proxy@1.0.0~preinstall: no script for preinstall, continuing
315 silly lifecycle sesame@0.1.2~preinstall: no script for preinstall, continuing
316 silly doReverseSerial remove 0
317 silly doSerial move 0
318 silly doSerial finalize 3
319 silly finalize E:\workspace\node_modules\bindings
320 silly finalize E:\workspace\node_modules\node-proxy
321 silly finalize E:\workspace\node_modules\sesame
322 silly doSerial build 3
323 silly build bindings@1.3.0
324 info linkStuff bindings@1.3.0
325 silly linkStuff bindings@1.3.0 has E:\workspace\node_modules as its parent node_modules
326 verbose linkBins bindings@1.3.0
327 verbose linkMans bindings@1.3.0
328 silly build node-proxy@1.0.0
329 info linkStuff node-proxy@1.0.0
330 silly linkStuff node-proxy@1.0.0 has E:\workspace\node_modules as its parent node_modules
331 verbose linkBins node-proxy@1.0.0
332 verbose linkMans node-proxy@1.0.0
333 silly build sesame@0.1.2
334 info linkStuff sesame@0.1.2
335 silly linkStuff sesame@0.1.2 has E:\workspace\node_modules as its parent node_modules
336 verbose linkBins sesame@0.1.2
337 verbose linkMans sesame@0.1.2
338 silly doSerial global-link 0
339 silly doParallel update-linked 0
340 silly doSerial install 3
341 silly install bindings@1.3.0 E:\workspace\node_modules\.staging\bindings-a3a2c0b1
342 info lifecycle bindings@1.3.0~install: bindings@1.3.0
343 silly lifecycle bindings@1.3.0~install: no script for install, continuing
344 silly install node-proxy@1.0.0 E:\workspace\node_modules\.staging\node-proxy-ad78014e
345 info lifecycle node-proxy@1.0.0~install: node-proxy@1.0.0
346 verbose lifecycle node-proxy@1.0.0~install: unsafe-perm in lifecycle true
347 verbose lifecycle node-proxy@1.0.0~install: PATH: C:\Program Files\nodejs\node_modules\npm\bin\node-gyp-bin;E:\workspace\node_modules\node-proxy\node_modules\.bin;E:\workspace\node_modules\.bin;C:\WINDOWS\system32;C:\WINDOWS;C:\WINDOWS\System32\Wbem;C:\WINDOWS\System32\WindowsPowerShell\v1.0\;C:\Program Files\Brackets\command;C:\Program Files\nodejs\;C:\Users\Abhishek\AppData\Local\Microsoft\WindowsApps;C:\Users\Abhishek\AppData\Roaming\npm;C:\Program Files\Microsoft VS Code\bin;
348 verbose lifecycle node-proxy@1.0.0~install: CWD: E:\workspace\node_modules\node-proxy
349 silly lifecycle node-proxy@1.0.0~install: Args: [ '/d /s /c', 'node-gyp configure build' ]
350 silly lifecycle node-proxy@1.0.0~install: Returned: code: 1  signal: null
351 info lifecycle node-proxy@1.0.0~install: Failed to exec install script
352 verbose unlock done using C:\Users\Abhishek\AppData\Roaming\npm-cache\_locks\staging-cf7faca6d45c2a8b.lock for E:\workspace\node_modules\.staging
353 silly rollbackFailedOptional Starting
354 silly rollbackFailedOptional Finishing
355 silly runTopLevelLifecycles Finishing
356 silly install printInstalled
357 warn optional SKIPPING OPTIONAL DEPENDENCY: fsevents@^1.0.0 (node_modules\chokidar\node_modules\fsevents):
358 warn notsup SKIPPING OPTIONAL DEPENDENCY: Unsupported platform for fsevents@1.1.3: wanted {"os":"darwin","arch":"any"} (current: {"os":"win32","arch":"ia32"})
359 verbose notsup SKIPPING OPTIONAL DEPENDENCY: Valid OS:    darwin
359 verbose notsup SKIPPING OPTIONAL DEPENDENCY: Valid Arch:  any
359 verbose notsup SKIPPING OPTIONAL DEPENDENCY: Actual OS:   win32
359 verbose notsup SKIPPING OPTIONAL DEPENDENCY: Actual Arch: ia32
360 warn workspace@1.0.0 No repository field.
361 verbose If you need help, you may report this error at:
361 verbose     <https://github.com/npm/npm/issues>
362 verbose stack Error: node-proxy@1.0.0 install: `node-gyp configure build`
362 verbose stack Exit status 1
362 verbose stack     at EventEmitter.<anonymous> (C:\Program Files\nodejs\node_modules\npm\lib\utils\lifecycle.js:255:16)
362 verbose stack     at emitTwo (events.js:106:13)
362 verbose stack     at EventEmitter.emit (events.js:191:7)
362 verbose stack     at ChildProcess.<anonymous> (C:\Program Files\nodejs\node_modules\npm\lib\utils\spawn.js:40:14)
362 verbose stack     at emitTwo (events.js:106:13)
362 verbose stack     at ChildProcess.emit (events.js:191:7)
362 verbose stack     at maybeClose (internal/child_process.js:891:16)
362 verbose stack     at Process.ChildProcess._handle.onexit (internal/child_process.js:226:5)
363 verbose pkgid node-proxy@1.0.0
364 verbose cwd E:\workspace
365 error Windows_NT 10.0.16299
366 error argv "C:\\Program Files\\nodejs\\node.exe" "C:\\Program Files\\nodejs\\node_modules\\npm\\bin\\npm-cli.js" "install" "sesame" "--save"
367 error node v6.11.2
368 error npm  v3.10.10
369 error code ELIFECYCLE
370 error node-proxy@1.0.0 install: `node-gyp configure build`
370 error Exit status 1
371 error Failed at the node-proxy@1.0.0 install script 'node-gyp configure build'.
371 error Make sure you have the latest version of node.js and npm installed.
371 error If you do, this is most likely a problem with the node-proxy package,
371 error not with npm itself.
371 error Tell the author that this fails on your system:
371 error     node-gyp configure build
371 error You can get information on how to open an issue for this project with:
371 error     npm bugs node-proxy
371 error Or if that isn't available, you can get their info via:
371 error     npm owner ls node-proxy
371 error There is likely additional logging output above.
372 verbose exit [ 1, true ]
